<?xml version="1.0" encoding="UTF-8"?>
<!-- Generated by org.testng.reporters.JUnitReportReporter -->
<testsuite skipped="0" hostname="Akash" name="testScripts.MyAccount.TC_003" tests="1" failures="0" timestamp="20 Dec 2018 10:58:31 GMT" time="50.298" errors="0">
  <testcase name="TC003_test" time="50.298" classname="testScripts.MyAccount.TC_003"/>
</testsuite> <!-- testScripts.MyAccount.TC_003 -->
