<?xml version="1.0" encoding="UTF-8"?>
<!-- Generated by org.testng.reporters.JUnitReportReporter -->
<testsuite skipped="0" hostname="Akash" name="testScripts.MyAccount.TC_007" tests="1" failures="0" timestamp="24 Dec 2018 10:01:00 GMT" time="37.717" errors="0">
  <testcase name="TC006_test" time="37.717" classname="testScripts.MyAccount.TC_007"/>
</testsuite> <!-- testScripts.MyAccount.TC_007 -->
