<?xml version="1.0" encoding="UTF-8"?>
<!-- Generated by org.testng.reporters.JUnitReportReporter -->
<testsuite skipped="0" hostname="Akash" name="testScripts.MyAccount.TC_004" tests="1" failures="0" timestamp="20 Dec 2018 11:09:49 GMT" time="32.738" errors="0">
  <testcase name="TC003_test" time="32.738" classname="testScripts.MyAccount.TC_004"/>
</testsuite> <!-- testScripts.MyAccount.TC_004 -->
