<?xml version="1.0" encoding="UTF-8"?>
<!-- Generated by org.testng.reporters.JUnitReportReporter -->
<testsuite skipped="0" hostname="Akash" name="testScripts.TC_006" tests="1" failures="0" timestamp="11 Dec 2018 11:33:59 GMT" time="40.482" errors="0">
  <testcase name="TC006_test" time="40.482" classname="testScripts.TC_006"/>
</testsuite> <!-- testScripts.TC_006 -->
