<?xml version="1.0" encoding="UTF-8"?>
<!-- Generated by org.testng.reporters.JUnitReportReporter -->
<testsuite skipped="0" hostname="Akash" name="testScripts.MyAccount.Registration.TC_003" tests="1" failures="0" timestamp="12 Dec 2018 12:54:47 GMT" time="26.408" errors="0">
  <testcase name="TC003_test" time="26.408" classname="testScripts.MyAccount.Registration.TC_003"/>
</testsuite> <!-- testScripts.MyAccount.Registration.TC_003 -->
