<?xml version="1.0" encoding="UTF-8"?>
<!-- Generated by org.testng.reporters.JUnitReportReporter -->
<testsuite skipped="0" hostname="Akash" name="testScripts.MyAccount.Login.TC_004" tests="1" failures="0" timestamp="13 Dec 2018 10:42:19 GMT" time="31.215" errors="0">
  <testcase name="TC004_test" time="31.215" classname="testScripts.MyAccount.Login.TC_004"/>
</testsuite> <!-- testScripts.MyAccount.Login.TC_004 -->
