<?xml version="1.0" encoding="UTF-8"?>
<!-- Generated by org.testng.reporters.JUnitReportReporter -->
<testsuite skipped="0" hostname="Akash" name="testScripts.TC_001" tests="1" failures="0" timestamp="11 Dec 2018 11:33:59 GMT" time="36.462" errors="0">
  <testcase name="TC001_test" time="36.462" classname="testScripts.TC_001"/>
</testsuite> <!-- testScripts.TC_001 -->
