<?xml version="1.0" encoding="UTF-8"?>
<!-- Generated by org.testng.reporters.JUnitReportReporter -->
<testsuite skipped="0" hostname="Akash" name="testScripts.TC_013" tests="1" failures="0" timestamp="11 Dec 2018 11:33:59 GMT" time="41.278" errors="0">
  <testcase name="TC013_test" time="41.278" classname="testScripts.TC_013"/>
</testsuite> <!-- testScripts.TC_013 -->
