<?xml version="1.0" encoding="UTF-8"?>
<!-- Generated by org.testng.reporters.JUnitReportReporter -->
<testsuite skipped="0" hostname="Akash" name="testScripts.TC_003" tests="1" failures="0" timestamp="11 Dec 2018 11:33:59 GMT" time="30.169" errors="0">
  <testcase name="TC003_test" time="30.169" classname="testScripts.TC_003"/>
</testsuite> <!-- testScripts.TC_003 -->
