<?xml version="1.0" encoding="UTF-8"?>
<!-- Generated by org.testng.reporters.JUnitReportReporter -->
<testsuite skipped="0" hostname="Akash" name="testScripts.MyAccount.Login.TC_001" tests="1" failures="0" timestamp="13 Dec 2018 10:26:49 GMT" time="22.275" errors="0">
  <testcase name="TC001_test" time="22.275" classname="testScripts.MyAccount.Login.TC_001"/>
</testsuite> <!-- testScripts.MyAccount.Login.TC_001 -->
