<?xml version="1.0" encoding="UTF-8"?>
<!-- Generated by org.testng.reporters.JUnitReportReporter -->
<testsuite skipped="0" hostname="Akash" name="testScripts.MyAccount.TC_001" tests="1" failures="0" timestamp="20 Dec 2018 10:02:00 GMT" time="24.378" errors="0">
  <testcase name="TC001_test" time="24.378" classname="testScripts.MyAccount.TC_001"/>
</testsuite> <!-- testScripts.MyAccount.TC_001 -->
