<?xml version="1.0" encoding="UTF-8"?>
<!-- Generated by org.testng.reporters.JUnitReportReporter -->
<testsuite skipped="0" hostname="Akash" name="testScripts.MyAccount.Login.TC_002" tests="1" failures="0" timestamp="13 Dec 2018 10:35:43 GMT" time="22.428" errors="0">
  <testcase name="TC002_test" time="22.428" classname="testScripts.MyAccount.Login.TC_002"/>
</testsuite> <!-- testScripts.MyAccount.Login.TC_002 -->
