<?xml version="1.0" encoding="UTF-8"?>
<!-- Generated by org.testng.reporters.JUnitReportReporter -->
<testsuite skipped="0" hostname="Akash" name="testScripts.shop.TC_002" tests="1" failures="0" timestamp="17 Dec 2018 06:45:37 GMT" time="26.320" errors="0">
  <testcase name="TC001_test" time="26.320" classname="testScripts.shop.TC_002"/>
</testsuite> <!-- testScripts.shop.TC_002 -->
