<?xml version="1.0" encoding="UTF-8"?>
<!-- Generated by org.testng.reporters.JUnitReportReporter -->
<testsuite skipped="0" hostname="Akash" name="testScripts.MyAccount.Registration.TC_001" tests="1" failures="0" timestamp="12 Dec 2018 12:54:47 GMT" time="69.202" errors="0">
  <testcase name="TC001_test" time="69.202" classname="testScripts.MyAccount.Registration.TC_001"/>
</testsuite> <!-- testScripts.MyAccount.Registration.TC_001 -->
