<?xml version="1.0" encoding="UTF-8"?>
<!-- Generated by org.testng.reporters.JUnitReportReporter -->
<testsuite skipped="0" hostname="Akash" name="testScripts.MyAccount.TC_005" tests="1" failures="0" timestamp="20 Dec 2018 12:11:25 GMT" time="27.374" errors="0">
  <testcase name="TC004_test" time="27.374" classname="testScripts.MyAccount.TC_005"/>
</testsuite> <!-- testScripts.MyAccount.TC_005 -->
