<?xml version="1.0" encoding="UTF-8"?>
<!-- Generated by org.testng.reporters.JUnitReportReporter -->
<testsuite skipped="0" hostname="Akash" name="testScripts.TC_014" tests="1" failures="0" timestamp="11 Dec 2018 11:33:59 GMT" time="39.688" errors="0">
  <testcase name="TC014_test" time="39.688" classname="testScripts.TC_014"/>
</testsuite> <!-- testScripts.TC_014 -->
