<?xml version="1.0" encoding="UTF-8"?>
<!-- Generated by org.testng.reporters.JUnitReportReporter -->
<testsuite skipped="0" hostname="Akash" name="testScripts.TC_002" tests="1" failures="0" timestamp="11 Dec 2018 11:33:59 GMT" time="22.366" errors="0">
  <testcase name="TC002_test" time="22.366" classname="testScripts.TC_002"/>
</testsuite> <!-- testScripts.TC_002 -->
