<?xml version="1.0" encoding="UTF-8"?>
<!-- Generated by org.testng.reporters.JUnitReportReporter -->
<testsuite skipped="0" hostname="Akash" name="testScripts.TC_008" tests="1" failures="0" timestamp="11 Dec 2018 11:33:59 GMT" time="32.154" errors="0">
  <testcase name="TC008_test" time="32.154" classname="testScripts.TC_008"/>
</testsuite> <!-- testScripts.TC_008 -->
