<?xml version="1.0" encoding="UTF-8"?>
<!-- Generated by org.testng.reporters.JUnitReportReporter -->
<testsuite skipped="0" hostname="Akash" name="testScripts.shop.TC_009" tests="1" failures="0" timestamp="19 Dec 2018 09:46:13 GMT" time="28.268" errors="0">
  <testcase name="TC008_test" time="28.268" classname="testScripts.shop.TC_009"/>
</testsuite> <!-- testScripts.shop.TC_009 -->
