<?xml version="1.0" encoding="UTF-8"?>
<!-- Generated by org.testng.reporters.JUnitReportReporter -->
<testsuite skipped="0" hostname="Akash" name="testScripts.TC_004" tests="1" failures="0" timestamp="11 Dec 2018 11:33:59 GMT" time="24.701" errors="0">
  <testcase name="TC004_test" time="24.701" classname="testScripts.TC_004"/>
</testsuite> <!-- testScripts.TC_004 -->
