<?xml version="1.0" encoding="UTF-8"?>
<!-- Generated by org.testng.reporters.JUnitReportReporter -->
<testsuite skipped="0" hostname="Akash" name="testScripts.TC_011" tests="1" failures="0" timestamp="11 Dec 2018 11:33:59 GMT" time="105.247" errors="0">
  <testcase name="TC011_test" time="105.247" classname="testScripts.TC_011"/>
</testsuite> <!-- testScripts.TC_011 -->
