<?xml version="1.0" encoding="UTF-8"?>
<!-- Generated by org.testng.reporters.JUnitReportReporter -->
<testsuite skipped="0" hostname="Akash" name="testScripts.shop.TC_008" tests="1" failures="0" timestamp="19 Dec 2018 08:23:23 GMT" time="29.560" errors="0">
  <testcase name="TC005_test" time="29.560" classname="testScripts.shop.TC_008"/>
</testsuite> <!-- testScripts.shop.TC_008 -->
