<?xml version="1.0" encoding="UTF-8"?>
<!-- Generated by org.testng.reporters.JUnitReportReporter -->
<testsuite skipped="0" hostname="Akash" name="testScripts.TC_009" tests="1" failures="0" timestamp="11 Dec 2018 11:33:59 GMT" time="49.509" errors="0">
  <testcase name="TC009_test" time="49.509" classname="testScripts.TC_009"/>
</testsuite> <!-- testScripts.TC_009 -->
