<?xml version="1.0" encoding="UTF-8"?>
<!-- Generated by org.testng.reporters.JUnitReportReporter -->
<testsuite skipped="0" hostname="Akash" name="testScripts.TC_010" tests="1" failures="0" timestamp="11 Dec 2018 11:33:59 GMT" time="31.283" errors="0">
  <testcase name="TC010_test" time="31.283" classname="testScripts.TC_010"/>
</testsuite> <!-- testScripts.TC_010 -->
