<?xml version="1.0" encoding="UTF-8"?>
<!-- Generated by org.testng.reporters.JUnitReportReporter -->
<testsuite skipped="0" hostname="Akash" name="testScripts.shop.TC_005" tests="1" failures="0" timestamp="17 Dec 2018 09:36:25 GMT" time="43.709" errors="0">
  <testcase name="TC001_test" time="43.709" classname="testScripts.shop.TC_005"/>
</testsuite> <!-- testScripts.shop.TC_005 -->
