<?xml version="1.0" encoding="UTF-8"?>
<!-- Generated by org.testng.reporters.JUnitReportReporter -->
<testsuite skipped="0" hostname="Akash" name="rough.Rough" tests="1" failures="0" timestamp="19 Dec 2018 09:25:35 GMT" time="9.798" errors="0">
  <testcase name="check" time="9.798" classname="rough.Rough"/>
</testsuite> <!-- rough.Rough -->
