<?xml version="1.0" encoding="UTF-8"?>
<!-- Generated by org.testng.reporters.JUnitReportReporter -->
<testsuite skipped="0" hostname="Akash" name="testScripts.MyAccount.TC_002" tests="1" failures="0" timestamp="20 Dec 2018 10:13:36 GMT" time="22.190" errors="0">
  <testcase name="TC001_test" time="22.190" classname="testScripts.MyAccount.TC_002"/>
</testsuite> <!-- testScripts.MyAccount.TC_002 -->
