<?xml version="1.0" encoding="UTF-8"?>
<!-- Generated by org.testng.reporters.JUnitReportReporter -->
<testsuite skipped="0" hostname="Akash" name="testScripts.MyAccount.Login.TC_005" tests="1" failures="0" timestamp="13 Dec 2018 10:42:51 GMT" time="18.907" errors="0">
  <testcase name="TC005_test" time="18.907" classname="testScripts.MyAccount.Login.TC_005"/>
</testsuite> <!-- testScripts.MyAccount.Login.TC_005 -->
