<?xml version="1.0" encoding="UTF-8"?>
<!-- Generated by org.testng.reporters.JUnitReportReporter -->
<testsuite skipped="0" hostname="Akash" name="testScripts.shop.TC_006" tests="1" failures="0" timestamp="19 Dec 2018 07:38:49 GMT" time="27.484" errors="0">
  <testcase name="TC005_test" time="27.484" classname="testScripts.shop.TC_006"/>
</testsuite> <!-- testScripts.shop.TC_006 -->
