<?xml version="1.0" encoding="UTF-8"?>
<!-- Generated by org.testng.reporters.JUnitReportReporter -->
<testsuite skipped="0" hostname="Akash" name="testScripts.TC_015" tests="1" failures="0" timestamp="11 Dec 2018 11:33:59 GMT" time="43.910" errors="0">
  <testcase name="TC015_test" time="43.910" classname="testScripts.TC_015"/>
</testsuite> <!-- testScripts.TC_015 -->
