<?xml version="1.0" encoding="UTF-8"?>
<!-- Generated by org.testng.reporters.JUnitReportReporter -->
<testsuite skipped="0" hostname="Akash" name="testScripts.shop.TC_003" tests="1" failures="0" timestamp="17 Dec 2018 09:21:08 GMT" time="26.175" errors="0">
  <testcase name="TC001_test" time="26.175" classname="testScripts.shop.TC_003"/>
</testsuite> <!-- testScripts.shop.TC_003 -->
