<?xml version="1.0" encoding="UTF-8"?>
<!-- Generated by org.testng.reporters.JUnitReportReporter -->
<testsuite skipped="0" hostname="Akash" name="testScripts.MyAccount.Login.TC_003" tests="1" failures="0" timestamp="13 Dec 2018 10:38:20 GMT" time="21.636" errors="0">
  <testcase name="TC003_test" time="21.636" classname="testScripts.MyAccount.Login.TC_003"/>
</testsuite> <!-- testScripts.MyAccount.Login.TC_003 -->
