<?xml version="1.0" encoding="UTF-8"?>
<!-- Generated by org.testng.reporters.JUnitReportReporter -->
<testsuite skipped="0" hostname="Akash" name="testScripts.shop.TC_001" tests="1" failures="0" timestamp="15 Dec 2018 07:28:14 GMT" time="54.126" errors="0">
  <testcase name="TC001_test" time="54.126" classname="testScripts.shop.TC_001"/>
</testsuite> <!-- testScripts.shop.TC_001 -->
